update-alternatives 2018-06-11 00:18:55: run with --install /usr/bin/w w /usr/bin/w.procps 50 --slave /usr/share/man/man1/w.1.gz w.1.gz /usr/share/man/man1/w.procps.1.gz
update-alternatives 2018-06-11 00:22:02: run with --install /usr/lib/arm-linux-gnueabihf/libtxc_dxtn.so libtxc-dxtn-arm-linux-gnueabihf /usr/lib/arm-linux-gnueabihf/s2tc/libtxc_dxtn.so 10
update-alternatives 2018-06-11 00:22:02: link group libtxc-dxtn-arm-linux-gnueabihf updated to point to /usr/lib/arm-linux-gnueabihf/s2tc/libtxc_dxtn.so
update-alternatives 2018-06-11 00:22:39: run with --install /usr/lib/libblas.so.3 libblas.so.3 /usr/lib/libblas/libblas.so.3 10
update-alternatives 2018-06-11 00:22:39: link group libblas.so.3 updated to point to /usr/lib/libblas/libblas.so.3
update-alternatives 2018-06-11 00:22:40: run with --install /usr/lib/libblas.so.3 libblas.so.3 /usr/lib/atlas-base/atlas/libblas.so.3 35
update-alternatives 2018-06-11 00:22:40: link group libblas.so.3 updated to point to /usr/lib/atlas-base/atlas/libblas.so.3
update-alternatives 2018-06-11 00:22:40: run with --install /usr/lib/liblapack.so.3 liblapack.so.3 /usr/lib/atlas-base/atlas/liblapack.so.3 35
update-alternatives 2018-06-11 00:22:40: link group liblapack.so.3 updated to point to /usr/lib/atlas-base/atlas/liblapack.so.3
update-alternatives 2018-06-11 00:22:40: run with --install /usr/bin/f95 f95 /usr/bin/gfortran 20
update-alternatives 2018-06-11 00:22:40: link group f95 updated to point to /usr/bin/gfortran
update-alternatives 2018-06-11 00:22:40: run with --install /usr/bin/f77 f77 /usr/bin/gfortran 20
update-alternatives 2018-06-11 00:22:40: link group f77 updated to point to /usr/bin/gfortran
update-alternatives 2018-06-11 00:22:40: run with --install /usr/lib/libblas.so libblas.so /usr/lib/libblas/libblas.so 10 --slave /usr/lib/libblas.a libblas.a /usr/lib/libblas/libblas.a --slave /usr/lib/pkgconfig/blas.pc blas.pc /usr/lib/pkgconfig/blas-netlib.pc
update-alternatives 2018-06-11 00:22:40: link group libblas.so updated to point to /usr/lib/libblas/libblas.so
update-alternatives 2018-06-11 00:22:40: run with --install /usr/lib/libblas.so libblas.so /usr/lib/atlas-base/atlas/libblas.so 35 --slave /usr/lib/libblas.a libblas.a /usr/lib/atlas-base/atlas/libblas.a --slave /usr/lib/pkgconfig/blas.pc blas.pc /usr/lib/pkgconfig/blas-atlas.pc
update-alternatives 2018-06-11 00:22:40: link group libblas.so updated to point to /usr/lib/atlas-base/atlas/libblas.so
update-alternatives 2018-06-11 00:22:40: run with --install /usr/lib/liblapack.so liblapack.so /usr/lib/atlas-base/atlas/liblapack.so 35 --slave /usr/lib/liblapack.a liblapack.a /usr/lib/atlas-base/atlas/liblapack.a --slave /usr/lib/pkgconfig/lapack.pc lapack.pc /usr/lib/pkgconfig/lapack-atlas.pc
update-alternatives 2018-06-11 00:22:40: link group liblapack.so updated to point to /usr/lib/atlas-base/atlas/liblapack.so
update-alternatives 2019-02-13 18:44:58: run with --install /usr/bin/vim vim /usr/bin/vim.basic 30
update-alternatives 2019-02-13 18:44:58: link group vim updated to point to /usr/bin/vim.basic
update-alternatives 2019-02-13 18:44:58: run with --install /usr/bin/vimdiff vimdiff /usr/bin/vim.basic 30
update-alternatives 2019-02-13 18:44:58: link group vimdiff updated to point to /usr/bin/vim.basic
update-alternatives 2019-02-13 18:44:58: run with --install /usr/bin/rvim rvim /usr/bin/vim.basic 30
update-alternatives 2019-02-13 18:44:58: link group rvim updated to point to /usr/bin/vim.basic
update-alternatives 2019-02-13 18:44:58: run with --install /usr/bin/rview rview /usr/bin/vim.basic 30
update-alternatives 2019-02-13 18:44:58: link group rview updated to point to /usr/bin/vim.basic
update-alternatives 2019-02-13 18:44:58: run with --install /usr/bin/vi vi /usr/bin/vim.basic 30 --slave /usr/share/man/fr/man1/vi.1.gz vi.fr.1.gz /usr/share/man/fr/man1/vim.1.gz --slave /usr/share/man/it/man1/vi.1.gz vi.it.1.gz /usr/share/man/it/man1/vim.1.gz --slave /usr/share/man/pl/man1/vi.1.gz vi.pl.1.gz /usr/share/man/pl/man1/vim.1.gz --slave /usr/share/man/ru/man1/vi.1.gz vi.ru.1.gz /usr/share/man/ru/man1/vim.1.gz --slave /usr/share/man/ja/man1/vi.1.gz vi.ja.1.gz /usr/share/man/ja/man1/vim.1.gz --slave /usr/share/man/man1/vi.1.gz vi.1.gz /usr/share/man/man1/vim.1.gz
update-alternatives 2019-02-13 18:44:58: link group vi updated to point to /usr/bin/vim.basic
update-alternatives 2019-02-13 18:44:58: run with --install /usr/bin/view view /usr/bin/vim.basic 30 --slave /usr/share/man/fr/man1/view.1.gz view.fr.1.gz /usr/share/man/fr/man1/vim.1.gz --slave /usr/share/man/it/man1/view.1.gz view.it.1.gz /usr/share/man/it/man1/vim.1.gz --slave /usr/share/man/pl/man1/view.1.gz view.pl.1.gz /usr/share/man/pl/man1/vim.1.gz --slave /usr/share/man/ru/man1/view.1.gz view.ru.1.gz /usr/share/man/ru/man1/vim.1.gz --slave /usr/share/man/ja/man1/view.1.gz view.ja.1.gz /usr/share/man/ja/man1/vim.1.gz --slave /usr/share/man/man1/view.1.gz view.1.gz /usr/share/man/man1/vim.1.gz
update-alternatives 2019-02-13 18:44:58: link group view updated to point to /usr/bin/vim.basic
update-alternatives 2019-02-13 18:44:58: run with --install /usr/bin/ex ex /usr/bin/vim.basic 30 --slave /usr/share/man/fr/man1/ex.1.gz ex.fr.1.gz /usr/share/man/fr/man1/vim.1.gz --slave /usr/share/man/it/man1/ex.1.gz ex.it.1.gz /usr/share/man/it/man1/vim.1.gz --slave /usr/share/man/pl/man1/ex.1.gz ex.pl.1.gz /usr/share/man/pl/man1/vim.1.gz --slave /usr/share/man/ru/man1/ex.1.gz ex.ru.1.gz /usr/share/man/ru/man1/vim.1.gz --slave /usr/share/man/ja/man1/ex.1.gz ex.ja.1.gz /usr/share/man/ja/man1/vim.1.gz --slave /usr/share/man/man1/ex.1.gz ex.1.gz /usr/share/man/man1/vim.1.gz
update-alternatives 2019-02-13 18:44:58: link group ex updated to point to /usr/bin/vim.basic
update-alternatives 2019-02-13 18:44:58: run with --install /usr/bin/editor editor /usr/bin/vim.basic 30 --slave /usr/share/man/fr/man1/editor.1.gz editor.fr.1.gz /usr/share/man/fr/man1/vim.1.gz --slave /usr/share/man/it/man1/editor.1.gz editor.it.1.gz /usr/share/man/it/man1/vim.1.gz --slave /usr/share/man/pl/man1/editor.1.gz editor.pl.1.gz /usr/share/man/pl/man1/vim.1.gz --slave /usr/share/man/ru/man1/editor.1.gz editor.ru.1.gz /usr/share/man/ru/man1/vim.1.gz --slave /usr/share/man/ja/man1/editor.1.gz editor.ja.1.gz /usr/share/man/ja/man1/vim.1.gz --slave /usr/share/man/man1/editor.1.gz editor.1.gz /usr/share/man/man1/vim.1.gz
