[[0;32m  OK  [0m] Started Show Plymouth Boot Screen.
[[0;32m  OK  [0m] Reached target Encrypted Volumes.
[[0;32m  OK  [0m] Reached target Paths.
[[0;32m  OK  [0m] Started Forward Password Requests to Plymouth Directory Watch.
[[0;32m  OK  [0m] Found device /dev/serial1.
[[0;32m  OK  [0m] Found device /dev/disk/by-partuuid/73b63534-01.
         Starting File System Check on /dev/disk/by-partuuid/73b63534-01...
[[0;32m  OK  [0m] Reached target Sound Card.
[[0;32m  OK  [0m] Listening on Load/Save RF Kill Switch Status /dev/rfkill Watch.
[[0;32m  OK  [0m] Started File System Check on /dev/disk/by-partuuid/73b63534-01.
         Mounting /boot...
[[0;32m  OK  [0m] Mounted /boot.
[[0;32m  OK  [0m] Reached target Local File Systems.
         Starting Preprocess NFS configuration...
         Starting Raise network interfaces...
         Starting Tell Plymouth To Write Out Runtime Data...
         Starting Set console font and keymap...
         Starting Create Volatile Files and Directories...
[[0;32m  OK  [0m] Started Preprocess NFS configuration.
[[0;32m  OK  [0m] Reached target NFS client services.
[[0;32m  OK  [0m] Reached target Remote File Systems (Pre).
[[0;32m  OK  [0m] Reached target Remote File Systems.
[[0;32m  OK  [0m] Started Tell Plymouth To Write Out Runtime Data.
[[0;32m  OK  [0m] Started Set console font and keymap.
[[0;32m  OK  [0m] Started Create Volatile Files and Directories.
         Starting Update UTMP about System Boot/Shutdown...
         Starting Network Time Synchronization...
[[0;32m  OK  [0m] Started Update UTMP about System Boot/Shutdown.
[[0;32m  OK  [0m] Started Network Time Synchronization.
[[0;32m  OK  [0m] Reached target System Time Synchronized.
[[0;32m  OK  [0m] Reached target System Initialization.
[[0;32m  OK  [0m] Listening on Avahi mDNS/DNS-SD Stack Activation Socket.
[[0;32m  OK  [0m] Listening on D-Bus System Message Bus Socket.
[[0;32m  OK  [0m] Listening on triggerhappy.socket.
[[0;32m  OK  [0m] Reached target Sockets.
[[0;32m  OK  [0m] Started Daily Cleanup of Temporary Directories.
[[0;32m  OK  [0m] Started Daily apt download activities.
[[0;32m  OK  [0m] Started Daily apt upgrade and clean activities.
[[0;32m  OK  [0m] Reached target Timers.
[[0;32m  OK  [0m] Reached target Basic System.
         Starting System Logging Service...
         Starting Login Service...
         Starting LSB: Autogenerate and use a swap file...
         Starting Disable WiFi if country not set...
         Starting triggerhappy global hotkey daemon...
         Starting LSB: Switch to ondemand cpu…or (unless shift key is pressed)...
         Starting Save/Restore Sound Card State...
[[0;32m  OK  [0m] Started Regular background program processing daemon.
[[0;32m  OK  [0m] Started D-Bus System Message Bus.
         Starting Configure Bluetooth Modems connected by UART...
         Starting Avahi mDNS/DNS-SD Stack...
         Starting dhcpcd on all interfaces...
[[0;32m  OK  [0m] Started triggerhappy global hotkey daemon.
[[0;32m  OK  [0m] Started System Logging Service.
[[0;32m  OK  [0m] Started Raise network interfaces.
[[0;32m  OK  [0m] Started Disable WiFi if country not set.
[[0;32m  OK  [0m] Started Save/Restore Sound Card State.
[[0;32m  OK  [0m] Started Avahi mDNS/DNS-SD Stack.
[[0;32m  OK  [0m] Started Login Service.
         Starting Load/Save RF Kill Switch Status...
[[0;32m  OK  [0m] Started LSB: Switch to ondemand cpu …rnor (unless shift key is pressed).
[[0;32m  OK  [0m] Started Load/Save RF Kill Switch Status.
[[0;32m  OK  [0m] Started LSB: Autogenerate and use a swap file.
         Starting Load/Save RF Kill Switch Status...
[[0;32m  OK  [0m] Started Configure Bluetooth Modems connected by UART.
[[0;32m  OK  [0m] Started Load/Save RF Kill Switch Status.
         Starting Bluetooth service...
[[0;32m  OK  [0m] Started Bluetooth service.
[[0;32m  OK  [0m] Started Raspberry Pi bluetooth helper.
[[0;32m  OK  [0m] Reached target Bluetooth.
         Starting Hostname Service...
[[0;32m  OK  [0m] Started Hostname Service.
[[0;32m  OK  [0m] Started dhcpcd on all interfaces.
[[0;32m  OK  [0m] Reached target Network.
         Starting Permit User Sessions...
         Starting OpenBSD Secure Shell server...
         Starting Advanced key-value store...
         Starting /etc/rc.local Compatibility...
[[0;32m  OK  [0m] Started Permit User Sessions.
My IP address is 2607:fb90:3d1:e160:394f:c461:9466:6e0a 
[[0;32m  OK  [0m] Started /etc/rc.local Compatibility.
         Starting Terminate Plymouth Boot Screen...
         Starting Hold until boot process finishes up...
